<?xml version="1.0" encoding="UTF-8"?>
<!-- Generated by org.testng.reporters.JUnitReportReporter -->
<testsuite hostname="Sandhya-PC" name="com.org.mavenautomation.SecondMavenProject.GoogleTest" tests="1" failures="0" timestamp="28 Jun 2016 14:22:03 GMT" time="12.412" errors="0">
  <testcase name="googlelaunch" time="12.412" classname="com.org.mavenautomation.SecondMavenProject.GoogleTest"/>
</testsuite> <!-- com.org.mavenautomation.SecondMavenProject.GoogleTest -->
